<?xml version="1.0" encoding="UTF-8"?>

<model name="ts:testmodel" xmlns="http://www.alfresco.org/model/dictionary/1.0">

   <description>Test Model</description>
   <author></author>
   <version>1.0</version>

   <!-- Imports are required to allow references to definitions in other models -->   
   <imports>
      <!-- Import Alfresco Dictionary Definitions -->
      <import uri="http://www.alfresco.org/model/dictionary/1.0" prefix="d"/>
      <!-- Import Alfresco Content Domain Model Definitions -->
      <import uri="http://www.alfresco.org/model/content/1.0" prefix="cm"/>
   </imports>

   <namespaces>
      <namespace uri="http://www.alfresco.org/model/test/1.0" prefix="ts"/>
   </namespaces>
  
    
    <aspects>
      <aspect name="ts:incrementer">
         <properties>
            <property name="ts:counter">
               <title>Test Counter Property</title>
               <type>d:int</type>
               <default>0</default>
            </property>
         </properties>
      </aspect>
   </aspects>
   
</model>